GROUP,PACKAGE,CLASS,INSTRUCTION_MISSED,INSTRUCTION_COVERED,BRANCH_MISSED,BRANCH_COVERED,LINE_MISSED,LINE_COVERED,COMPLEXITY_MISSED,COMPLEXITY_COVERED,METHOD_MISSED,METHOD_COVERED
Acertus_MetroLoad_Automation_v001,com.Acertus_MetroLoad.automation.testBase,ExtReporterClass,3,41,0,0,1,8,1,1,1,1
Acertus_MetroLoad_Automation_v001,com.Acertus_MetroLoad.automation.testBase,BaseClass,198,243,2,2,49,63,15,12,13,12
Acertus_MetroLoad_Automation_v001,com.Acertus_MetroLoad.automation.testBase,EnvVariableClass,3,4,0,0,1,1,1,1,1,1
Acertus_MetroLoad_Automation_v001,com.Acertus_MetroLoad.automation.testBase,ExtReportToPDF,75,0,0,0,16,0,2,0,2,0
Acertus_MetroLoad_Automation_v001,com.Acertus_MetroLoad.automation.customeListeners,ListenTest,20,35,0,0,6,8,1,4,1,4
Acertus_MetroLoad_Automation_v001,com.Acertus_MetroLoad.automation.objRepo,ObjectRepository_LoginPage,0,3,0,0,0,1,0,1,0,1
Acertus_MetroLoad_Automation_v001,com.Acertus_MetroLoad.automation.excelReader,ExcelUtils,816,293,46,10,177,49,31,7,7,3
