<?xml version="1.0" encoding="UTF-8"?>
<!-- Generated by org.testng.reporters.JUnitXMLReporter -->
<testsuite ignored="0" hostname="PF2BXSM2" failures="0" tests="2" name="Test" time="63.967" errors="0" timestamp="2023-06-13T16:52:23 CDT">
  <testcase classname="com.Acertus_MetroLoad.automation.testCases.TC_loginMetroload" name="loginMetroloadValidCredentials" time="34.707"/>
  <testcase classname="com.Acertus_MetroLoad.automation.testCases.TC_searchOrderUs__loadOrder" name="searchOrderUs__loadOrder" time="29.029"/>
</testsuite> <!-- Test -->
