<?xml version="1.0" encoding="UTF-8"?>
<testng-results ignored="0" total="1" passed="1" failed="0" skipped="0">
  <reporter-output>
  </reporter-output>
  <suite started-at="2023-06-13T13:10:59 CDT" name="Suite" finished-at="2023-06-13T13:11:55 CDT" duration-ms="55963">
    <groups>
    </groups>
    <test started-at="2023-06-13T13:10:59 CDT" name="Test" finished-at="2023-06-13T13:11:55 CDT" duration-ms="55963">
      <class name="com.Acertus_MetroLoad.automation.testCases.TC_searchOrderUs__loadOrder">
        <test-method signature="searchOrderUs__loadOrder()[pri:0, instance:com.Acertus_MetroLoad.automation.testCases.TC_searchOrderUs__loadOrder@38883a31]" started-at="2023-06-13T13:10:59 CDT" name="searchOrderUs__loadOrder" finished-at="2023-06-13T13:11:55 CDT" duration-ms="55546" status="PASS">
          <reporter-output>
          </reporter-output>
        </test-method> <!-- searchOrderUs__loadOrder -->
      </class> <!-- com.Acertus_MetroLoad.automation.testCases.TC_searchOrderUs__loadOrder -->
    </test> <!-- Test -->
  </suite> <!-- Suite -->
</testng-results>
